<?xml version="1.0"?>
<!DOCTYPE coverage SYSTEM "http://cobertura.sourceforge.net/xml/coverage-04.dtd">

<coverage line-rate="1.0" branch-rate="1.0" lines-covered="7" lines-valid="7" branches-covered="6" branches-valid="6" complexity="4.0" version="2.1.1" timestamp="1597399665461">
	<sources>
		<source>--source</source>
		<source>C:/DisplayingTestMetrics/SimpleAppPITest/src/main/java</source>
	</sources>
	<packages>
		<package name="Application" line-rate="1.0" branch-rate="1.0" complexity="4.0">
			<classes>
				<class name="Application.App" filename="Application/App.java" line-rate="1.0" branch-rate="1.0" complexity="4.0">
					<methods>
						<method name="&lt;init&gt;" signature="()V" line-rate="1.0" branch-rate="1.0" complexity="0">
							<lines>
								<line number="3" hits="4" branch="false"/>
							</lines>
						</method>
						<method name="isPalindrome" signature="(Ljava/lang/String;)Z" line-rate="1.0" branch-rate="1.0" complexity="0">
							<lines>
								<line number="6" hits="7" branch="true" condition-coverage="100% (2/2)">
									<conditions>
										<condition number="0" type="jump" coverage="100%"/>
									</conditions>
								</line>
								<line number="7" hits="2" branch="false"/>
								<line number="9" hits="5" branch="false"/>
								<line number="10" hits="5" branch="false"/>
								<line number="11" hits="5" branch="false"/>
								<line number="12" hits="5" branch="true" condition-coverage="100% (4/4)">
									<conditions>
										<condition number="0" type="jump" coverage="100%"/>
										<condition number="1" type="jump" coverage="100%"/>
									</conditions>
								</line>
							</lines>
						</method>
					</methods>
					<lines>
						<line number="3" hits="4" branch="false"/>
						<line number="6" hits="7" branch="true" condition-coverage="100% (2/2)">
							<conditions>
								<condition number="0" type="jump" coverage="100%"/>
							</conditions>
						</line>
						<line number="7" hits="2" branch="false"/>
						<line number="9" hits="5" branch="false"/>
						<line number="10" hits="5" branch="false"/>
						<line number="11" hits="5" branch="false"/>
						<line number="12" hits="5" branch="true" condition-coverage="100% (4/4)">
							<conditions>
								<condition number="0" type="jump" coverage="100%"/>
								<condition number="1" type="jump" coverage="100%"/>
							</conditions>
						</line>
					</lines>
				</class>
			</classes>
		</package>
	</packages>
</coverage>
