<?xml version="1.0"?>
<!DOCTYPE coverage SYSTEM "http://cobertura.sourceforge.net/xml/coverage-04.dtd">

<coverage line-rate="0.42857142857142855" branch-rate="0.16666666666666666" lines-covered="3" lines-valid="7" branches-covered="1" branches-valid="6" complexity="4.0" version="2.1.1" timestamp="1597394169240">
	<sources>
		<source>--source</source>
		<source>C:/DisplayingTestMetrics/SimpleAppPITest/src/main/java</source>
	</sources>
	<packages>
		<package name="Application" line-rate="0.42857142857142855" branch-rate="0.16666666666666666" complexity="4.0">
			<classes>
				<class name="Application.App" filename="Application/App.java" line-rate="0.42857142857142855" branch-rate="0.16666666666666666" complexity="4.0">
					<methods>
						<method name="&lt;init&gt;" signature="()V" line-rate="1.0" branch-rate="1.0" complexity="0">
							<lines>
								<line number="3" hits="1" branch="false"/>
							</lines>
						</method>
						<method name="isPalindrome" signature="(Ljava/lang/String;)Z" line-rate="0.3333333333333333" branch-rate="0.16666666666666666" complexity="0">
							<lines>
								<line number="6" hits="1" branch="true" condition-coverage="50% (1/2)">
									<conditions>
										<condition number="0" type="jump" coverage="50%"/>
									</conditions>
								</line>
								<line number="7" hits="1" branch="false"/>
								<line number="9" hits="0" branch="false"/>
								<line number="10" hits="0" branch="false"/>
								<line number="11" hits="0" branch="false"/>
								<line number="12" hits="0" branch="true" condition-coverage="0% (0/4)">
									<conditions>
										<condition number="0" type="jump" coverage="0%"/>
										<condition number="1" type="jump" coverage="0%"/>
									</conditions>
								</line>
							</lines>
						</method>
					</methods>
					<lines>
						<line number="3" hits="1" branch="false"/>
						<line number="6" hits="1" branch="true" condition-coverage="50% (1/2)">
							<conditions>
								<condition number="0" type="jump" coverage="50%"/>
							</conditions>
						</line>
						<line number="7" hits="1" branch="false"/>
						<line number="9" hits="0" branch="false"/>
						<line number="10" hits="0" branch="false"/>
						<line number="11" hits="0" branch="false"/>
						<line number="12" hits="0" branch="true" condition-coverage="0% (0/4)">
							<conditions>
								<condition number="0" type="jump" coverage="0%"/>
								<condition number="1" type="jump" coverage="0%"/>
							</conditions>
						</line>
					</lines>
				</class>
			</classes>
		</package>
	</packages>
</coverage>
